{"/Users/mac/Desktop/FullStack Open/FullStack Open/part5/bloglist-frontend/src/App.js": {"path":"/Users/mac/Desktop/FullStack Open/FullStack Open/part5/bloglist-frontend/src/App.js","statementMap":{"0":{"start":{"line":10,"column":12},"end":{"line":188,"column":1}},"1":{"start":{"line":11,"column":28},"end":{"line":11,"column":40}},"2":{"start":{"line":12,"column":42},"end":{"line":12,"column":56}},"3":{"start":{"line":13,"column":46},"end":{"line":13,"column":60}},"4":{"start":{"line":14,"column":34},"end":{"line":14,"column":46}},"5":{"start":{"line":15,"column":34},"end":{"line":15,"column":46}},"6":{"start":{"line":16,"column":26},"end":{"line":16,"column":40}},"7":{"start":{"line":17,"column":26},"end":{"line":22,"column":4}},"8":{"start":{"line":24,"column":2},"end":{"line":30,"column":9}},"9":{"start":{"line":26,"column":20},"end":{"line":26,"column":46}},"10":{"start":{"line":27,"column":6},"end":{"line":27,"column":22}},"11":{"start":{"line":29,"column":4},"end":{"line":29,"column":15}},"12":{"start":{"line":32,"column":2},"end":{"line":39,"column":9}},"13":{"start":{"line":33,"column":27},"end":{"line":33,"column":75}},"14":{"start":{"line":34,"column":4},"end":{"line":38,"column":5}},"15":{"start":{"line":35,"column":19},"end":{"line":35,"column":45}},"16":{"start":{"line":36,"column":6},"end":{"line":36,"column":20}},"17":{"start":{"line":37,"column":6},"end":{"line":37,"column":39}},"18":{"start":{"line":41,"column":20},"end":{"line":53,"column":3}},"19":{"start":{"line":42,"column":4},"end":{"line":52,"column":6}},"20":{"start":{"line":55,"column":18},"end":{"line":80,"column":3}},"21":{"start":{"line":56,"column":4},"end":{"line":56,"column":27}},"22":{"start":{"line":57,"column":4},"end":{"line":57,"column":43}},"23":{"start":{"line":59,"column":22},"end":{"line":64,"column":5}},"24":{"start":{"line":66,"column":20},"end":{"line":66,"column":55}},"25":{"start":{"line":67,"column":4},"end":{"line":67,"column":76}},"26":{"start":{"line":69,"column":4},"end":{"line":69,"column":36}},"27":{"start":{"line":70,"column":4},"end":{"line":75,"column":7}},"28":{"start":{"line":77,"column":4},"end":{"line":79,"column":13}},"29":{"start":{"line":78,"column":6},"end":{"line":78,"column":30}},"30":{"start":{"line":82,"column":22},"end":{"line":82,"column":39}},"31":{"start":{"line":84,"column":19},"end":{"line":90,"column":3}},"32":{"start":{"line":85,"column":4},"end":{"line":89,"column":6}},"33":{"start":{"line":92,"column":22},"end":{"line":112,"column":3}},"34":{"start":{"line":93,"column":4},"end":{"line":93,"column":27}},"35":{"start":{"line":94,"column":4},"end":{"line":111,"column":5}},"36":{"start":{"line":95,"column":19},"end":{"line":98,"column":8}},"37":{"start":{"line":100,"column":6},"end":{"line":100,"column":77}},"38":{"start":{"line":102,"column":6},"end":{"line":102,"column":39}},"39":{"start":{"line":103,"column":6},"end":{"line":103,"column":20}},"40":{"start":{"line":104,"column":6},"end":{"line":104,"column":22}},"41":{"start":{"line":105,"column":6},"end":{"line":105,"column":22}},"42":{"start":{"line":107,"column":6},"end":{"line":107,"column":52}},"43":{"start":{"line":108,"column":6},"end":{"line":110,"column":15}},"44":{"start":{"line":109,"column":8},"end":{"line":109,"column":30}},"45":{"start":{"line":114,"column":23},"end":{"line":119,"column":3}},"46":{"start":{"line":115,"column":4},"end":{"line":115,"column":27}},"47":{"start":{"line":116,"column":4},"end":{"line":116,"column":18}},"48":{"start":{"line":117,"column":4},"end":{"line":117,"column":31}},"49":{"start":{"line":118,"column":4},"end":{"line":118,"column":56}},"50":{"start":{"line":121,"column":22},"end":{"line":132,"column":3}},"51":{"start":{"line":122,"column":17},"end":{"line":122,"column":49}},"52":{"start":{"line":122,"column":33},"end":{"line":122,"column":48}},"53":{"start":{"line":124,"column":20},"end":{"line":128,"column":5}},"54":{"start":{"line":130,"column":25},"end":{"line":130,"column":67}},"55":{"start":{"line":131,"column":4},"end":{"line":131,"column":76}},"56":{"start":{"line":131,"column":32},"end":{"line":131,"column":72}},"57":{"start":{"line":134,"column":23},"end":{"line":153,"column":3}},"58":{"start":{"line":136,"column":17},"end":{"line":136,"column":49}},"59":{"start":{"line":136,"column":33},"end":{"line":136,"column":48}},"60":{"start":{"line":137,"column":4},"end":{"line":152,"column":5}},"61":{"start":{"line":138,"column":6},"end":{"line":151,"column":7}},"62":{"start":{"line":139,"column":25},"end":{"line":139,"column":57}},"63":{"start":{"line":140,"column":8},"end":{"line":140,"column":30}},"64":{"start":{"line":141,"column":8},"end":{"line":141,"column":53}},"65":{"start":{"line":141,"column":35},"end":{"line":141,"column":50}},"66":{"start":{"line":142,"column":8},"end":{"line":142,"column":70}},"67":{"start":{"line":143,"column":8},"end":{"line":145,"column":17}},"68":{"start":{"line":144,"column":10},"end":{"line":144,"column":34}},"69":{"start":{"line":147,"column":8},"end":{"line":147,"column":50}},"70":{"start":{"line":148,"column":8},"end":{"line":150,"column":17}},"71":{"start":{"line":149,"column":10},"end":{"line":149,"column":32}},"72":{"start":{"line":155,"column":2},"end":{"line":187,"column":4}},"73":{"start":{"line":173,"column":30},"end":{"line":173,"column":47}},"74":{"start":{"line":175,"column":16},"end":{"line":181,"column":18}},"75":{"start":{"line":178,"column":37},"end":{"line":178,"column":57}},"76":{"start":{"line":179,"column":38},"end":{"line":179,"column":59}}},"fnMap":{"0":{"name":"(anonymous_0)","decl":{"start":{"line":10,"column":12},"end":{"line":10,"column":13}},"loc":{"start":{"line":10,"column":18},"end":{"line":188,"column":1}},"line":10},"1":{"name":"(anonymous_1)","decl":{"start":{"line":24,"column":12},"end":{"line":24,"column":13}},"loc":{"start":{"line":24,"column":18},"end":{"line":30,"column":3}},"line":24},"2":{"name":"getBlogs","decl":{"start":{"line":25,"column":19},"end":{"line":25,"column":27}},"loc":{"start":{"line":25,"column":30},"end":{"line":28,"column":5}},"line":25},"3":{"name":"(anonymous_3)","decl":{"start":{"line":32,"column":12},"end":{"line":32,"column":13}},"loc":{"start":{"line":32,"column":18},"end":{"line":39,"column":3}},"line":32},"4":{"name":"(anonymous_4)","decl":{"start":{"line":41,"column":20},"end":{"line":41,"column":21}},"loc":{"start":{"line":41,"column":26},"end":{"line":53,"column":3}},"line":41},"5":{"name":"(anonymous_5)","decl":{"start":{"line":55,"column":18},"end":{"line":55,"column":19}},"loc":{"start":{"line":55,"column":33},"end":{"line":80,"column":3}},"line":55},"6":{"name":"(anonymous_6)","decl":{"start":{"line":77,"column":15},"end":{"line":77,"column":16}},"loc":{"start":{"line":77,"column":21},"end":{"line":79,"column":5}},"line":77},"7":{"name":"(anonymous_7)","decl":{"start":{"line":84,"column":19},"end":{"line":84,"column":20}},"loc":{"start":{"line":84,"column":25},"end":{"line":90,"column":3}},"line":84},"8":{"name":"(anonymous_8)","decl":{"start":{"line":92,"column":22},"end":{"line":92,"column":23}},"loc":{"start":{"line":92,"column":37},"end":{"line":112,"column":3}},"line":92},"9":{"name":"(anonymous_9)","decl":{"start":{"line":108,"column":17},"end":{"line":108,"column":18}},"loc":{"start":{"line":108,"column":23},"end":{"line":110,"column":7}},"line":108},"10":{"name":"(anonymous_10)","decl":{"start":{"line":114,"column":23},"end":{"line":114,"column":24}},"loc":{"start":{"line":114,"column":32},"end":{"line":119,"column":3}},"line":114},"11":{"name":"(anonymous_11)","decl":{"start":{"line":121,"column":22},"end":{"line":121,"column":23}},"loc":{"start":{"line":121,"column":38},"end":{"line":132,"column":3}},"line":121},"12":{"name":"(anonymous_12)","decl":{"start":{"line":122,"column":28},"end":{"line":122,"column":29}},"loc":{"start":{"line":122,"column":33},"end":{"line":122,"column":48}},"line":122},"13":{"name":"(anonymous_13)","decl":{"start":{"line":131,"column":23},"end":{"line":131,"column":24}},"loc":{"start":{"line":131,"column":32},"end":{"line":131,"column":72}},"line":131},"14":{"name":"(anonymous_14)","decl":{"start":{"line":134,"column":23},"end":{"line":134,"column":24}},"loc":{"start":{"line":134,"column":39},"end":{"line":153,"column":3}},"line":134},"15":{"name":"(anonymous_15)","decl":{"start":{"line":136,"column":28},"end":{"line":136,"column":29}},"loc":{"start":{"line":136,"column":33},"end":{"line":136,"column":48}},"line":136},"16":{"name":"(anonymous_16)","decl":{"start":{"line":141,"column":30},"end":{"line":141,"column":31}},"loc":{"start":{"line":141,"column":35},"end":{"line":141,"column":50}},"line":141},"17":{"name":"(anonymous_17)","decl":{"start":{"line":143,"column":19},"end":{"line":143,"column":20}},"loc":{"start":{"line":143,"column":25},"end":{"line":145,"column":9}},"line":143},"18":{"name":"(anonymous_18)","decl":{"start":{"line":148,"column":19},"end":{"line":148,"column":20}},"loc":{"start":{"line":148,"column":25},"end":{"line":150,"column":9}},"line":148},"19":{"name":"(anonymous_19)","decl":{"start":{"line":173,"column":20},"end":{"line":173,"column":21}},"loc":{"start":{"line":173,"column":30},"end":{"line":173,"column":47}},"line":173},"20":{"name":"(anonymous_20)","decl":{"start":{"line":174,"column":19},"end":{"line":174,"column":20}},"loc":{"start":{"line":175,"column":16},"end":{"line":181,"column":18}},"line":175},"21":{"name":"(anonymous_21)","decl":{"start":{"line":178,"column":31},"end":{"line":178,"column":32}},"loc":{"start":{"line":178,"column":37},"end":{"line":178,"column":57}},"line":178},"22":{"name":"(anonymous_22)","decl":{"start":{"line":179,"column":32},"end":{"line":179,"column":33}},"loc":{"start":{"line":179,"column":38},"end":{"line":179,"column":59}},"line":179}},"branchMap":{"0":{"loc":{"start":{"line":34,"column":4},"end":{"line":38,"column":5}},"type":"if","locations":[{"start":{"line":34,"column":4},"end":{"line":38,"column":5}},{"start":{"line":34,"column":4},"end":{"line":38,"column":5}}],"line":34},"1":{"loc":{"start":{"line":131,"column":32},"end":{"line":131,"column":72}},"type":"cond-expr","locations":[{"start":{"line":131,"column":53},"end":{"line":131,"column":65}},{"start":{"line":131,"column":68},"end":{"line":131,"column":72}}],"line":131},"2":{"loc":{"start":{"line":137,"column":4},"end":{"line":152,"column":5}},"type":"if","locations":[{"start":{"line":137,"column":4},"end":{"line":152,"column":5}},{"start":{"line":137,"column":4},"end":{"line":152,"column":5}}],"line":137},"3":{"loc":{"start":{"line":159,"column":7},"end":{"line":185,"column":7}},"type":"cond-expr","locations":[{"start":{"line":160,"column":8},"end":{"line":160,"column":19}},{"start":{"line":162,"column":8},"end":{"line":184,"column":14}}],"line":159}},"s":{"0":1,"1":7,"2":7,"3":7,"4":7,"5":7,"6":7,"7":7,"8":7,"9":2,"10":2,"11":2,"12":7,"13":2,"14":2,"15":1,"16":1,"17":1,"18":7,"19":4,"20":7,"21":0,"22":0,"23":0,"24":0,"25":0,"26":0,"27":0,"28":0,"29":0,"30":7,"31":7,"32":3,"33":7,"34":0,"35":0,"36":0,"37":0,"38":0,"39":0,"40":0,"41":0,"42":0,"43":0,"44":0,"45":7,"46":0,"47":0,"48":0,"49":0,"50":7,"51":0,"52":0,"53":0,"54":0,"55":0,"56":0,"57":7,"58":0,"59":0,"60":0,"61":0,"62":0,"63":0,"64":0,"65":0,"66":0,"67":0,"68":0,"69":0,"70":0,"71":0,"72":7,"73":4,"74":3,"75":0,"76":0},"f":{"0":7,"1":2,"2":2,"3":2,"4":4,"5":0,"6":0,"7":3,"8":0,"9":0,"10":0,"11":0,"12":0,"13":0,"14":0,"15":0,"16":0,"17":0,"18":0,"19":4,"20":3,"21":0,"22":0},"b":{"0":[1,1],"1":[0,0],"2":[0,0],"3":[4,3]},"_coverageSchema":"43e27e138ebf9cfc5966b082cf9a028302ed4184","hash":"320848c5d9dcbffc6f193e2f8c0352e6ffefa9ee"}
,"/Users/mac/Desktop/FullStack Open/FullStack Open/part5/bloglist-frontend/src/index.js": {"path":"/Users/mac/Desktop/FullStack Open/FullStack Open/part5/bloglist-frontend/src/index.js","statementMap":{"0":{"start":{"line":6,"column":0},"end":{"line":6,"column":58}}},"fnMap":{},"branchMap":{},"s":{"0":0},"f":{},"b":{},"hash":"8b470784591bc95c97b23463d5938948b483f088"}
,"/Users/mac/Desktop/FullStack Open/FullStack Open/part5/bloglist-frontend/src/components/Blog.js": {"path":"/Users/mac/Desktop/FullStack Open/FullStack Open/part5/bloglist-frontend/src/components/Blog.js","statementMap":{"0":{"start":{"line":3,"column":13},"end":{"line":37,"column":1}},"1":{"start":{"line":4,"column":34},"end":{"line":4,"column":49}},"2":{"start":{"line":6,"column":20},"end":{"line":12,"column":3}},"3":{"start":{"line":14,"column":26},"end":{"line":14,"column":61}},"4":{"start":{"line":16,"column":2},"end":{"line":36,"column":4}},"5":{"start":{"line":18,"column":46},"end":{"line":18,"column":68}}},"fnMap":{"0":{"name":"(anonymous_0)","decl":{"start":{"line":3,"column":13},"end":{"line":3,"column":14}},"loc":{"start":{"line":3,"column":60},"end":{"line":37,"column":1}},"line":3},"1":{"name":"(anonymous_1)","decl":{"start":{"line":18,"column":40},"end":{"line":18,"column":41}},"loc":{"start":{"line":18,"column":46},"end":{"line":18,"column":68}},"line":18}},"branchMap":{"0":{"loc":{"start":{"line":14,"column":37},"end":{"line":14,"column":59}},"type":"cond-expr","locations":[{"start":{"line":14,"column":48},"end":{"line":14,"column":50}},{"start":{"line":14,"column":53},"end":{"line":14,"column":59}}],"line":14},"1":{"loc":{"start":{"line":28,"column":23},"end":{"line":28,"column":63}},"type":"cond-expr","locations":[{"start":{"line":28,"column":35},"end":{"line":28,"column":49}},{"start":{"line":28,"column":52},"end":{"line":28,"column":63}}],"line":28},"2":{"loc":{"start":{"line":29,"column":9},"end":{"line":33,"column":16}},"type":"cond-expr","locations":[{"start":{"line":30,"column":10},"end":{"line":32,"column":16}},{"start":{"line":33,"column":12},"end":{"line":33,"column":16}}],"line":29}},"s":{"0":2,"1":7,"2":7,"3":7,"4":7,"5":1},"f":{"0":7,"1":1},"b":{"0":[1,6],"1":[7,0],"2":[4,3]},"_coverageSchema":"43e27e138ebf9cfc5966b082cf9a028302ed4184","hash":"0f7c745943f495157377cb45df4086c1fada74c4"}
,"/Users/mac/Desktop/FullStack Open/FullStack Open/part5/bloglist-frontend/src/components/BlogForm.js": {"path":"/Users/mac/Desktop/FullStack Open/FullStack Open/part5/bloglist-frontend/src/components/BlogForm.js","statementMap":{"0":{"start":{"line":3,"column":17},"end":{"line":46,"column":1}},"1":{"start":{"line":4,"column":21},"end":{"line":9,"column":3}},"2":{"start":{"line":5,"column":4},"end":{"line":8,"column":7}},"3":{"start":{"line":11,"column":2},"end":{"line":45,"column":4}}},"fnMap":{"0":{"name":"(anonymous_0)","decl":{"start":{"line":3,"column":17},"end":{"line":3,"column":18}},"loc":{"start":{"line":3,"column":59},"end":{"line":46,"column":1}},"line":3},"1":{"name":"(anonymous_1)","decl":{"start":{"line":4,"column":21},"end":{"line":4,"column":22}},"loc":{"start":{"line":4,"column":30},"end":{"line":9,"column":3}},"line":4}},"branchMap":{},"s":{"0":1,"1":3,"2":0,"3":3},"f":{"0":3,"1":0},"b":{},"_coverageSchema":"43e27e138ebf9cfc5966b082cf9a028302ed4184","hash":"636507180e6eb54f6d576f4782a7cb03b7613d92"}
,"/Users/mac/Desktop/FullStack Open/FullStack Open/part5/bloglist-frontend/src/components/LoginForm.js": {"path":"/Users/mac/Desktop/FullStack Open/FullStack Open/part5/bloglist-frontend/src/components/LoginForm.js","statementMap":{"0":{"start":{"line":4,"column":18},"end":{"line":37,"column":1}},"1":{"start":{"line":11,"column":2},"end":{"line":36,"column":4}},"2":{"start":{"line":21,"column":38},"end":{"line":21,"column":72}},"3":{"start":{"line":30,"column":38},"end":{"line":30,"column":72}},"4":{"start":{"line":39,"column":0},"end":{"line":45,"column":2}}},"fnMap":{"0":{"name":"(anonymous_0)","decl":{"start":{"line":4,"column":18},"end":{"line":4,"column":19}},"loc":{"start":{"line":10,"column":6},"end":{"line":37,"column":1}},"line":10},"1":{"name":"(anonymous_1)","decl":{"start":{"line":21,"column":22},"end":{"line":21,"column":23}},"loc":{"start":{"line":21,"column":38},"end":{"line":21,"column":72}},"line":21},"2":{"name":"(anonymous_2)","decl":{"start":{"line":30,"column":22},"end":{"line":30,"column":23}},"loc":{"start":{"line":30,"column":38},"end":{"line":30,"column":72}},"line":30}},"branchMap":{},"s":{"0":1,"1":4,"2":0,"3":0,"4":1},"f":{"0":4,"1":0,"2":0},"b":{},"_coverageSchema":"43e27e138ebf9cfc5966b082cf9a028302ed4184","hash":"c59c4c7eab23c4322e6f85ac6f3600c5533925f2"}
,"/Users/mac/Desktop/FullStack Open/FullStack Open/part5/bloglist-frontend/src/components/Notification.js": {"path":"/Users/mac/Desktop/FullStack Open/FullStack Open/part5/bloglist-frontend/src/components/Notification.js","statementMap":{"0":{"start":{"line":3,"column":21},"end":{"line":11,"column":1}},"1":{"start":{"line":4,"column":2},"end":{"line":8,"column":3}},"2":{"start":{"line":5,"column":4},"end":{"line":5,"column":61}},"3":{"start":{"line":6,"column":9},"end":{"line":8,"column":3}},"4":{"start":{"line":7,"column":4},"end":{"line":7,"column":65}},"5":{"start":{"line":10,"column":2},"end":{"line":10,"column":14}}},"fnMap":{"0":{"name":"(anonymous_0)","decl":{"start":{"line":3,"column":21},"end":{"line":3,"column":22}},"loc":{"start":{"line":3,"column":45},"end":{"line":11,"column":1}},"line":3}},"branchMap":{"0":{"loc":{"start":{"line":4,"column":2},"end":{"line":8,"column":3}},"type":"if","locations":[{"start":{"line":4,"column":2},"end":{"line":8,"column":3}},{"start":{"line":4,"column":2},"end":{"line":8,"column":3}}],"line":4},"1":{"loc":{"start":{"line":6,"column":9},"end":{"line":8,"column":3}},"type":"if","locations":[{"start":{"line":6,"column":9},"end":{"line":8,"column":3}},{"start":{"line":6,"column":9},"end":{"line":8,"column":3}}],"line":6}},"s":{"0":1,"1":7,"2":0,"3":7,"4":0,"5":7},"f":{"0":7},"b":{"0":[0,7],"1":[0,7]},"_coverageSchema":"43e27e138ebf9cfc5966b082cf9a028302ed4184","hash":"d3e184bafd2cb1f55a25f22bc2d24b8416d2a54d"}
,"/Users/mac/Desktop/FullStack Open/FullStack Open/part5/bloglist-frontend/src/components/SimpleBlog.js": {"path":"/Users/mac/Desktop/FullStack Open/FullStack Open/part5/bloglist-frontend/src/components/SimpleBlog.js","statementMap":{"0":{"start":{"line":3,"column":19},"end":{"line":14,"column":1}},"1":{"start":{"line":4,"column":2},"end":{"line":13,"column":8}}},"fnMap":{"0":{"name":"(anonymous_0)","decl":{"start":{"line":3,"column":19},"end":{"line":3,"column":20}},"loc":{"start":{"line":4,"column":2},"end":{"line":13,"column":8}},"line":4}},"branchMap":{},"s":{"0":1,"1":2},"f":{"0":2},"b":{},"_coverageSchema":"43e27e138ebf9cfc5966b082cf9a028302ed4184","hash":"7d571865116a25a78af8484ad75c723bc532dbc6"}
,"/Users/mac/Desktop/FullStack Open/FullStack Open/part5/bloglist-frontend/src/components/Toggleable.js": {"path":"/Users/mac/Desktop/FullStack Open/FullStack Open/part5/bloglist-frontend/src/components/Toggleable.js","statementMap":{"0":{"start":{"line":4,"column":19},"end":{"line":33,"column":2}},"1":{"start":{"line":5,"column":36},"end":{"line":5,"column":41}},"2":{"start":{"line":7,"column":32},"end":{"line":7,"column":47}},"3":{"start":{"line":9,"column":26},"end":{"line":9,"column":60}},"4":{"start":{"line":10,"column":26},"end":{"line":10,"column":60}},"5":{"start":{"line":12,"column":27},"end":{"line":14,"column":3}},"6":{"start":{"line":13,"column":4},"end":{"line":13,"column":25}},"7":{"start":{"line":16,"column":2},"end":{"line":20,"column":5}},"8":{"start":{"line":17,"column":4},"end":{"line":19,"column":6}},"9":{"start":{"line":22,"column":2},"end":{"line":32,"column":4}},"10":{"start":{"line":35,"column":0},"end":{"line":37,"column":2}}},"fnMap":{"0":{"name":"(anonymous_0)","decl":{"start":{"line":4,"column":36},"end":{"line":4,"column":37}},"loc":{"start":{"line":4,"column":52},"end":{"line":33,"column":1}},"line":4},"1":{"name":"(anonymous_1)","decl":{"start":{"line":12,"column":27},"end":{"line":12,"column":28}},"loc":{"start":{"line":12,"column":33},"end":{"line":14,"column":3}},"line":12},"2":{"name":"(anonymous_2)","decl":{"start":{"line":16,"column":27},"end":{"line":16,"column":28}},"loc":{"start":{"line":16,"column":33},"end":{"line":20,"column":3}},"line":16}},"branchMap":{"0":{"loc":{"start":{"line":9,"column":37},"end":{"line":9,"column":58}},"type":"cond-expr","locations":[{"start":{"line":9,"column":47},"end":{"line":9,"column":53}},{"start":{"line":9,"column":56},"end":{"line":9,"column":58}}],"line":9},"1":{"loc":{"start":{"line":10,"column":37},"end":{"line":10,"column":58}},"type":"cond-expr","locations":[{"start":{"line":10,"column":47},"end":{"line":10,"column":49}},{"start":{"line":10,"column":52},"end":{"line":10,"column":58}}],"line":10}},"s":{"0":1,"1":3,"2":3,"3":3,"4":3,"5":3,"6":0,"7":3,"8":3,"9":3,"10":1},"f":{"0":3,"1":0,"2":3},"b":{"0":[0,3],"1":[0,3]},"_coverageSchema":"43e27e138ebf9cfc5966b082cf9a028302ed4184","hash":"d68701103f9c068beb63b2bffdfa9275d013f05b"}
,"/Users/mac/Desktop/FullStack Open/FullStack Open/part5/bloglist-frontend/src/services/blogs.js": {"path":"/Users/mac/Desktop/FullStack Open/FullStack Open/part5/bloglist-frontend/src/services/blogs.js","statementMap":{"0":{"start":{"line":2,"column":16},"end":{"line":2,"column":28}},"1":{"start":{"line":4,"column":12},"end":{"line":4,"column":16}},"2":{"start":{"line":6,"column":17},"end":{"line":8,"column":1}},"3":{"start":{"line":7,"column":2},"end":{"line":7,"column":31}},"4":{"start":{"line":10,"column":15},"end":{"line":13,"column":1}},"5":{"start":{"line":11,"column":19},"end":{"line":11,"column":43}},"6":{"start":{"line":12,"column":2},"end":{"line":12,"column":23}},"7":{"start":{"line":15,"column":15},"end":{"line":23,"column":1}},"8":{"start":{"line":16,"column":17},"end":{"line":18,"column":3}},"9":{"start":{"line":20,"column":2},"end":{"line":20,"column":33}},"10":{"start":{"line":21,"column":19},"end":{"line":21,"column":63}},"11":{"start":{"line":22,"column":2},"end":{"line":22,"column":23}},"12":{"start":{"line":25,"column":15},"end":{"line":28,"column":1}},"13":{"start":{"line":26,"column":19},"end":{"line":26,"column":65}},"14":{"start":{"line":27,"column":2},"end":{"line":27,"column":23}},"15":{"start":{"line":30,"column":15},"end":{"line":37,"column":1}},"16":{"start":{"line":31,"column":17},"end":{"line":33,"column":3}},"17":{"start":{"line":35,"column":19},"end":{"line":35,"column":65}},"18":{"start":{"line":36,"column":2},"end":{"line":36,"column":23}}},"fnMap":{"0":{"name":"(anonymous_0)","decl":{"start":{"line":6,"column":17},"end":{"line":6,"column":18}},"loc":{"start":{"line":6,"column":29},"end":{"line":8,"column":1}},"line":6},"1":{"name":"(anonymous_1)","decl":{"start":{"line":10,"column":15},"end":{"line":10,"column":16}},"loc":{"start":{"line":10,"column":27},"end":{"line":13,"column":1}},"line":10},"2":{"name":"(anonymous_2)","decl":{"start":{"line":15,"column":15},"end":{"line":15,"column":16}},"loc":{"start":{"line":15,"column":34},"end":{"line":23,"column":1}},"line":15},"3":{"name":"(anonymous_3)","decl":{"start":{"line":25,"column":15},"end":{"line":25,"column":16}},"loc":{"start":{"line":25,"column":40},"end":{"line":28,"column":1}},"line":25},"4":{"name":"(anonymous_4)","decl":{"start":{"line":30,"column":15},"end":{"line":30,"column":16}},"loc":{"start":{"line":30,"column":27},"end":{"line":37,"column":1}},"line":30}},"branchMap":{},"s":{"0":0,"1":0,"2":0,"3":0,"4":0,"5":0,"6":0,"7":0,"8":0,"9":0,"10":0,"11":0,"12":0,"13":0,"14":0,"15":0,"16":0,"17":0,"18":0},"f":{"0":0,"1":0,"2":0,"3":0,"4":0},"b":{},"hash":"103f1fd7f2bd6814f9d3840ee3c06644d4574e73"}
,"/Users/mac/Desktop/FullStack Open/FullStack Open/part5/bloglist-frontend/src/services/login.js": {"path":"/Users/mac/Desktop/FullStack Open/FullStack Open/part5/bloglist-frontend/src/services/login.js","statementMap":{"0":{"start":{"line":2,"column":16},"end":{"line":2,"column":28}},"1":{"start":{"line":4,"column":14},"end":{"line":7,"column":1}},"2":{"start":{"line":5,"column":19},"end":{"line":5,"column":57}},"3":{"start":{"line":6,"column":2},"end":{"line":6,"column":23}}},"fnMap":{"0":{"name":"(anonymous_0)","decl":{"start":{"line":4,"column":14},"end":{"line":4,"column":15}},"loc":{"start":{"line":4,"column":35},"end":{"line":7,"column":1}},"line":4}},"branchMap":{},"s":{"0":1,"1":1,"2":0,"3":0},"f":{"0":0},"b":{},"_coverageSchema":"43e27e138ebf9cfc5966b082cf9a028302ed4184","hash":"f56c92c08912bea397071c69ce7f3682cccd8730"}
}
