TN:
SF:/Users/mac/Desktop/FullStack Open/FullStack Open/part5/bloglist-frontend/src/App.js
FN:10,(anonymous_0)
FN:24,(anonymous_1)
FN:25,getBlogs
FN:32,(anonymous_3)
FN:41,(anonymous_4)
FN:55,(anonymous_5)
FN:77,(anonymous_6)
FN:84,(anonymous_7)
FN:92,(anonymous_8)
FN:108,(anonymous_9)
FN:114,(anonymous_10)
FN:121,(anonymous_11)
FN:122,(anonymous_12)
FN:131,(anonymous_13)
FN:134,(anonymous_14)
FN:136,(anonymous_15)
FN:141,(anonymous_16)
FN:143,(anonymous_17)
FN:148,(anonymous_18)
FN:173,(anonymous_19)
FN:174,(anonymous_20)
FN:178,(anonymous_21)
FN:179,(anonymous_22)
FNF:23
FNH:8
FNDA:7,(anonymous_0)
FNDA:2,(anonymous_1)
FNDA:2,getBlogs
FNDA:2,(anonymous_3)
FNDA:4,(anonymous_4)
FNDA:0,(anonymous_5)
FNDA:0,(anonymous_6)
FNDA:3,(anonymous_7)
FNDA:0,(anonymous_8)
FNDA:0,(anonymous_9)
FNDA:0,(anonymous_10)
FNDA:0,(anonymous_11)
FNDA:0,(anonymous_12)
FNDA:0,(anonymous_13)
FNDA:0,(anonymous_14)
FNDA:0,(anonymous_15)
FNDA:0,(anonymous_16)
FNDA:0,(anonymous_17)
FNDA:0,(anonymous_18)
FNDA:4,(anonymous_19)
FNDA:3,(anonymous_20)
FNDA:0,(anonymous_21)
FNDA:0,(anonymous_22)
DA:10,1
DA:11,7
DA:12,7
DA:13,7
DA:14,7
DA:15,7
DA:16,7
DA:17,7
DA:24,7
DA:26,2
DA:27,2
DA:29,2
DA:32,7
DA:33,2
DA:34,2
DA:35,1
DA:36,1
DA:37,1
DA:41,7
DA:42,4
DA:55,7
DA:56,0
DA:57,0
DA:59,0
DA:66,0
DA:67,0
DA:69,0
DA:70,0
DA:77,0
DA:78,0
DA:82,7
DA:84,7
DA:85,3
DA:92,7
DA:93,0
DA:94,0
DA:95,0
DA:100,0
DA:102,0
DA:103,0
DA:104,0
DA:105,0
DA:107,0
DA:108,0
DA:109,0
DA:114,7
DA:115,0
DA:116,0
DA:117,0
DA:118,0
DA:121,7
DA:122,0
DA:124,0
DA:130,0
DA:131,0
DA:134,7
DA:136,0
DA:137,0
DA:138,0
DA:139,0
DA:140,0
DA:141,0
DA:142,0
DA:143,0
DA:144,0
DA:147,0
DA:148,0
DA:149,0
DA:155,7
DA:173,4
DA:175,3
DA:178,0
DA:179,0
LF:73
LH:31
BRDA:34,0,0,1
BRDA:34,0,1,1
BRDA:131,1,0,0
BRDA:131,1,1,0
BRDA:137,2,0,0
BRDA:137,2,1,0
BRDA:159,3,0,4
BRDA:159,3,1,3
BRF:8
BRH:4
end_of_record
TN:
SF:/Users/mac/Desktop/FullStack Open/FullStack Open/part5/bloglist-frontend/src/index.js
FNF:0
FNH:0
DA:6,0
LF:1
LH:0
BRF:0
BRH:0
end_of_record
TN:
SF:/Users/mac/Desktop/FullStack Open/FullStack Open/part5/bloglist-frontend/src/components/Blog.js
FN:3,(anonymous_0)
FN:18,(anonymous_1)
FNF:2
FNH:2
FNDA:7,(anonymous_0)
FNDA:1,(anonymous_1)
DA:3,2
DA:4,7
DA:6,7
DA:14,7
DA:16,7
DA:18,1
LF:6
LH:6
BRDA:14,0,0,1
BRDA:14,0,1,6
BRDA:28,1,0,7
BRDA:28,1,1,0
BRDA:29,2,0,4
BRDA:29,2,1,3
BRF:6
BRH:5
end_of_record
TN:
SF:/Users/mac/Desktop/FullStack Open/FullStack Open/part5/bloglist-frontend/src/components/BlogForm.js
FN:3,(anonymous_0)
FN:4,(anonymous_1)
FNF:2
FNH:1
FNDA:3,(anonymous_0)
FNDA:0,(anonymous_1)
DA:3,1
DA:4,3
DA:5,0
DA:11,3
LF:4
LH:3
BRF:0
BRH:0
end_of_record
TN:
SF:/Users/mac/Desktop/FullStack Open/FullStack Open/part5/bloglist-frontend/src/components/LoginForm.js
FN:4,(anonymous_0)
FN:21,(anonymous_1)
FN:30,(anonymous_2)
FNF:3
FNH:1
FNDA:4,(anonymous_0)
FNDA:0,(anonymous_1)
FNDA:0,(anonymous_2)
DA:4,1
DA:11,4
DA:21,0
DA:30,0
DA:39,1
LF:5
LH:3
BRF:0
BRH:0
end_of_record
TN:
SF:/Users/mac/Desktop/FullStack Open/FullStack Open/part5/bloglist-frontend/src/components/Notification.js
FN:3,(anonymous_0)
FNF:1
FNH:1
FNDA:7,(anonymous_0)
DA:3,1
DA:4,7
DA:5,0
DA:6,7
DA:7,0
DA:10,7
LF:6
LH:4
BRDA:4,0,0,0
BRDA:4,0,1,7
BRDA:6,1,0,0
BRDA:6,1,1,7
BRF:4
BRH:2
end_of_record
TN:
SF:/Users/mac/Desktop/FullStack Open/FullStack Open/part5/bloglist-frontend/src/components/SimpleBlog.js
FN:3,(anonymous_0)
FNF:1
FNH:1
FNDA:2,(anonymous_0)
DA:3,1
DA:4,2
LF:2
LH:2
BRF:0
BRH:0
end_of_record
TN:
SF:/Users/mac/Desktop/FullStack Open/FullStack Open/part5/bloglist-frontend/src/components/Toggleable.js
FN:4,(anonymous_0)
FN:12,(anonymous_1)
FN:16,(anonymous_2)
FNF:3
FNH:2
FNDA:3,(anonymous_0)
FNDA:0,(anonymous_1)
FNDA:3,(anonymous_2)
DA:4,1
DA:5,3
DA:7,3
DA:9,3
DA:10,3
DA:12,3
DA:13,0
DA:16,3
DA:17,3
DA:22,3
DA:35,1
LF:11
LH:10
BRDA:9,0,0,0
BRDA:9,0,1,3
BRDA:10,1,0,0
BRDA:10,1,1,3
BRF:4
BRH:2
end_of_record
TN:
SF:/Users/mac/Desktop/FullStack Open/FullStack Open/part5/bloglist-frontend/src/services/blogs.js
FN:6,(anonymous_0)
FN:10,(anonymous_1)
FN:15,(anonymous_2)
FN:25,(anonymous_3)
FN:30,(anonymous_4)
FNF:5
FNH:0
FNDA:0,(anonymous_0)
FNDA:0,(anonymous_1)
FNDA:0,(anonymous_2)
FNDA:0,(anonymous_3)
FNDA:0,(anonymous_4)
DA:2,0
DA:4,0
DA:6,0
DA:7,0
DA:10,0
DA:11,0
DA:12,0
DA:15,0
DA:16,0
DA:20,0
DA:21,0
DA:22,0
DA:25,0
DA:26,0
DA:27,0
DA:30,0
DA:31,0
DA:35,0
DA:36,0
LF:19
LH:0
BRF:0
BRH:0
end_of_record
TN:
SF:/Users/mac/Desktop/FullStack Open/FullStack Open/part5/bloglist-frontend/src/services/login.js
FN:4,(anonymous_0)
FNF:1
FNH:0
FNDA:0,(anonymous_0)
DA:2,1
DA:4,1
DA:5,0
DA:6,0
LF:4
LH:2
BRF:0
BRH:0
end_of_record
